2025-02-18T12:03:31.000-05:00  INFO 16284 --- [Practice_01_30_25] [main] c.S.P.Practice013025Application          : Starting Practice013025Application using Java 21.0.3 with PID 16284 (C:\Users\vamsi\Downloads\Practice_01_30_25\Practice_01_30_25\target\classes started by vamsi in C:\Users\vamsi\Downloads\Practice_01_30_25\Practice_01_30_25)
2025-02-18T12:03:31.009-05:00  INFO 16284 --- [Practice_01_30_25] [main] c.S.P.Practice013025Application          : No active profile set, falling back to 1 default profile: "default"
2025-02-18T12:03:32.257-05:00  INFO 16284 --- [Practice_01_30_25] [main] o.s.b.w.embedded.tomcat.TomcatWebServer  : Tomcat initialized with port 9090 (http)
2025-02-18T12:03:32.276-05:00  INFO 16284 --- [Practice_01_30_25] [main] o.apache.catalina.core.StandardService   : Starting service [Tomcat]
2025-02-18T12:03:32.277-05:00  INFO 16284 --- [Practice_01_30_25] [main] o.apache.catalina.core.StandardEngine    : Starting Servlet engine: [Apache Tomcat/10.1.34]
2025-02-18T12:03:32.343-05:00  INFO 16284 --- [Practice_01_30_25] [main] o.a.c.c.C.[Tomcat].[localhost].[/]       : Initializing Spring embedded WebApplicationContext
2025-02-18T12:03:32.344-05:00  INFO 16284 --- [Practice_01_30_25] [main] w.s.c.ServletWebServerApplicationContext : Root WebApplicationContext: initialization completed in 1285 ms
2025-02-18T12:03:32.491-05:00  INFO 16284 --- [Practice_01_30_25] [main] o.s.b.a.w.s.WelcomePageHandlerMapping    : Adding welcome page: class path resource [static/index.html]
2025-02-18T12:03:32.823-05:00  INFO 16284 --- [Practice_01_30_25] [main] o.s.b.w.embedded.tomcat.TomcatWebServer  : Tomcat started on port 9090 (http) with context path '/'
2025-02-18T12:03:32.834-05:00  INFO 16284 --- [Practice_01_30_25] [main] c.S.P.Practice013025Application          : Started Practice013025Application in 2.347 seconds (process running for 2.7)
2025-02-18T12:03:39.054-05:00  INFO 16284 --- [Practice_01_30_25] [http-nio-9090-exec-3] o.a.c.c.C.[Tomcat].[localhost].[/]       : Initializing Spring DispatcherServlet 'dispatcherServlet'
2025-02-18T12:03:39.054-05:00  INFO 16284 --- [Practice_01_30_25] [http-nio-9090-exec-3] o.s.web.servlet.DispatcherServlet        : Initializing Servlet 'dispatcherServlet'
2025-02-18T12:03:39.055-05:00  INFO 16284 --- [Practice_01_30_25] [http-nio-9090-exec-3] o.s.web.servlet.DispatcherServlet        : Completed initialization in 1 ms
2025-02-18T12:04:38.483-05:00  INFO 33280 --- [Practice_01_30_25] [main] c.S.P.Practice013025Application          : Starting Practice013025Application using Java 21.0.3 with PID 33280 (C:\Users\vamsi\Downloads\Practice_01_30_25\Practice_01_30_25\target\classes started by vamsi in C:\Users\vamsi\Downloads\Practice_01_30_25\Practice_01_30_25)
2025-02-18T12:04:38.486-05:00  INFO 33280 --- [Practice_01_30_25] [main] c.S.P.Practice013025Application          : No active profile set, falling back to 1 default profile: "default"
2025-02-18T12:04:39.543-05:00  INFO 33280 --- [Practice_01_30_25] [main] o.s.b.w.embedded.tomcat.TomcatWebServer  : Tomcat initialized with port 9090 (http)
2025-02-18T12:04:39.558-05:00  INFO 33280 --- [Practice_01_30_25] [main] o.apache.catalina.core.StandardService   : Starting service [Tomcat]
2025-02-18T12:04:39.558-05:00  INFO 33280 --- [Practice_01_30_25] [main] o.apache.catalina.core.StandardEngine    : Starting Servlet engine: [Apache Tomcat/10.1.34]
2025-02-18T12:04:39.610-05:00  INFO 33280 --- [Practice_01_30_25] [main] o.a.c.c.C.[Tomcat].[localhost].[/]       : Initializing Spring embedded WebApplicationContext
2025-02-18T12:04:39.610-05:00  INFO 33280 --- [Practice_01_30_25] [main] w.s.c.ServletWebServerApplicationContext : Root WebApplicationContext: initialization completed in 1074 ms
2025-02-18T12:04:39.724-05:00  INFO 33280 --- [Practice_01_30_25] [main] o.s.b.a.w.s.WelcomePageHandlerMapping    : Adding welcome page: class path resource [static/index.html]
2025-02-18T12:04:40.025-05:00  INFO 33280 --- [Practice_01_30_25] [main] o.s.b.w.embedded.tomcat.TomcatWebServer  : Tomcat started on port 9090 (http) with context path '/'
2025-02-18T12:04:40.035-05:00  INFO 33280 --- [Practice_01_30_25] [main] c.S.P.Practice013025Application          : Started Practice013025Application in 2.062 seconds (process running for 2.422)
2025-02-18T12:04:55.907-05:00  INFO 33280 --- [Practice_01_30_25] [http-nio-9090-exec-1] o.a.c.c.C.[Tomcat].[localhost].[/]       : Initializing Spring DispatcherServlet 'dispatcherServlet'
2025-02-18T12:04:55.908-05:00  INFO 33280 --- [Practice_01_30_25] [http-nio-9090-exec-1] o.s.web.servlet.DispatcherServlet        : Initializing Servlet 'dispatcherServlet'
2025-02-18T12:04:55.909-05:00  INFO 33280 --- [Practice_01_30_25] [http-nio-9090-exec-1] o.s.web.servlet.DispatcherServlet        : Completed initialization in 1 ms
